2026-01-08 19:21:02 INFO  c.srots.SrotsBackendJavaApplication - Starting SrotsBackendJavaApplication using Java 17.0.15 with PID 5792 (D:\Srots\srots-backend\target\classes started by HP in D:\Srots\srots-backend)
2026-01-08 19:21:02 DEBUG c.srots.SrotsBackendJavaApplication - Running with Spring Boot v3.2.0, Spring v6.1.1
2026-01-08 19:21:02 INFO  c.srots.SrotsBackendJavaApplication - No active profile set, falling back to 1 default profile: "default"
2026-01-08 19:21:05 INFO  o.s.d.r.c.RepositoryConfigurationDelegate - Bootstrapping Spring Data JPA repositories in DEFAULT mode.
2026-01-08 19:21:05 INFO  o.s.d.r.c.RepositoryConfigurationDelegate - Finished Spring Data repository scanning in 245 ms. Found 25 JPA repository interfaces.
2026-01-08 19:21:06 INFO  o.s.b.w.e.tomcat.TomcatWebServer - Tomcat initialized with port 8081 (http)
2026-01-08 19:21:06 INFO  o.a.coyote.http11.Http11NioProtocol - Initializing ProtocolHandler ["http-nio-8081"]
2026-01-08 19:21:06 INFO  o.a.catalina.core.StandardService - Starting service [Tomcat]
2026-01-08 19:21:06 INFO  o.a.catalina.core.StandardEngine - Starting Servlet engine: [Apache Tomcat/10.1.16]
2026-01-08 19:21:07 INFO  o.a.c.c.C.[Tomcat].[localhost].[/] - Initializing Spring embedded WebApplicationContext
2026-01-08 19:21:07 INFO  o.s.b.w.s.c.ServletWebServerApplicationContext - Root WebApplicationContext: initialization completed in 4162 ms
2026-01-08 19:21:07 INFO  o.h.jpa.internal.util.LogHelper - HHH000204: Processing PersistenceUnitInfo [name: default]
2026-01-08 19:21:07 INFO  org.hibernate.Version - HHH000412: Hibernate ORM core version 6.3.1.Final
2026-01-08 19:21:07 INFO  o.h.c.i.RegionFactoryInitiator - HHH000026: Second-level cache disabled
2026-01-08 19:21:08 INFO  o.s.o.j.p.SpringPersistenceUnitInfo - No LoadTimeWeaver setup: ignoring JPA class transformer
2026-01-08 19:21:08 INFO  com.zaxxer.hikari.HikariDataSource - HikariPool-1 - Starting...
2026-01-08 19:21:08 INFO  com.zaxxer.hikari.pool.HikariPool - HikariPool-1 - Added connection com.mysql.cj.jdbc.ConnectionImpl@2ec156fb
2026-01-08 19:21:08 INFO  com.zaxxer.hikari.HikariDataSource - HikariPool-1 - Start completed.
2026-01-08 19:21:10 INFO  o.h.e.t.j.p.i.JtaPlatformInitiator - HHH000489: No JTA platform available (set 'hibernate.transaction.jta.platform' to enable JTA platform integration)
2026-01-08 19:21:11 INFO  o.s.o.j.LocalContainerEntityManagerFactoryBean - Initialized JPA EntityManagerFactory for persistence unit 'default'
2026-01-08 19:21:11 INFO  o.s.d.j.r.query.QueryEnhancerFactory - Hibernate is in classpath; If applicable, HQL parser will be used.
2026-01-08 19:21:12 DEBUG com.srots.filter.JwtFilter - Filter 'jwtFilter' configured for use
2026-01-08 19:21:14 WARN  o.s.b.a.o.j.JpaBaseConfiguration$JpaWebConfiguration - spring.jpa.open-in-view is enabled by default. Therefore, database queries may be performed during view rendering. Explicitly configure spring.jpa.open-in-view to disable this warning
2026-01-08 19:21:15 INFO  o.s.b.a.e.web.EndpointLinksResolver - Exposing 3 endpoint(s) beneath base path '/actuator'
2026-01-08 19:21:15 INFO  o.s.s.web.DefaultSecurityFilterChain - Will secure any request with [org.springframework.security.web.session.DisableEncodeUrlFilter@5dce75f9, org.springframework.security.web.context.request.async.WebAsyncManagerIntegrationFilter@33c0f3d2, org.springframework.security.web.context.SecurityContextHolderFilter@3e445475, org.springframework.security.web.header.HeaderWriterFilter@54c17694, org.springframework.web.filter.CorsFilter@2e724561, org.springframework.security.web.authentication.logout.LogoutFilter@24c36960, com.srots.filter.JwtFilter@28ee138c, org.springframework.security.web.savedrequest.RequestCacheAwareFilter@4e26774d, org.springframework.security.web.servletapi.SecurityContextHolderAwareRequestFilter@5599aa2a, org.springframework.security.web.authentication.AnonymousAuthenticationFilter@44352a38, org.springframework.security.web.session.SessionManagementFilter@73df09dd, org.springframework.security.web.access.ExceptionTranslationFilter@2fcc009e, org.springframework.security.web.access.intercept.AuthorizationFilter@5abf00f2]
2026-01-08 19:21:16 INFO  o.a.coyote.http11.Http11NioProtocol - Starting ProtocolHandler ["http-nio-8081"]
2026-01-08 19:21:16 INFO  o.s.b.w.e.tomcat.TomcatWebServer - Tomcat started on port 8081 (http) with context path ''
2026-01-08 19:21:16 INFO  c.srots.SrotsBackendJavaApplication - Started SrotsBackendJavaApplication in 14.876 seconds (process running for 17.231)
2026-01-08 19:21:16 INFO  o.a.c.c.C.[Tomcat].[localhost].[/] - Initializing Spring DispatcherServlet 'dispatcherServlet'
2026-01-08 19:21:16 INFO  o.s.web.servlet.DispatcherServlet - Initializing Servlet 'dispatcherServlet'
2026-01-08 19:21:16 INFO  o.s.web.servlet.DispatcherServlet - Completed initialization in 3 ms
2026-01-08 19:22:09 WARN  o.s.w.s.h.HandlerMappingIntrospector - Cache miss for REQUEST dispatch to '/api/v1/auth/login' (previous null). Performing MatchableHandlerMapping lookup. This is logged once only at WARN level, and every time at TRACE.
2026-01-08 19:22:11 DEBUG org.hibernate.SQL - 
    select
        u1_0.id,
        u1_0.aadhaar_number,
        u1_0.address_json,
        u1_0.alternative_email,
        u1_0.alternative_phone,
        u1_0.avatar_url,
        u1_0.bio,
        u1_0.college_id,
        u1_0.created_at,
        u1_0.department,
        u1_0.education,
        u1_0.email,
        u1_0.experience,
        u1_0.full_name,
        u1_0.is_college_head,
        u1_0.is_restricted,
        u1_0.last_device_info,
        u1_0.parent_user_id,
        u1_0.password_hash,
        u1_0.phone,
        u1_0.reset_token,
        u1_0.role,
        u1_0.token_expiry,
        u1_0.updated_at,
        u1_0.username 
    from
        users u1_0 
    where
        u1_0.username=?
2026-01-08 19:22:11 TRACE org.hibernate.orm.jdbc.bind - binding parameter (1:VARCHAR) <- [srots_admin]
2026-01-08 19:22:11 DEBUG org.hibernate.SQL - 
    select
        sp1_0.user_id,
        sp1_0.aadhaar_number,
        sp1_0.advisor,
        sp1_0.batch,
        sp1_0.branch,
        sp1_0.career_path,
        sp1_0.coordinator,
        sp1_0.course,
        sp1_0.current_address,
        sp1_0.day_scholar,
        sp1_0.dob,
        sp1_0.driving_license,
        sp1_0.father_name,
        sp1_0.father_occupation,
        sp1_0.gap_duration,
        sp1_0.gap_in_studies,
        sp1_0.gap_reason,
        sp1_0.gender,
        sp1_0.institute_email,
        sp1_0.linkedin_profile,
        sp1_0.mentor,
        sp1_0.mother_name,
        sp1_0.mother_occupation,
        sp1_0.nationality,
        sp1_0.parent_email,
        sp1_0.parent_phone,
        sp1_0.passport_expiry_date,
        sp1_0.passport_issue_date,
        sp1_0.passport_number,
        sp1_0.permanent_address,
        sp1_0.personal_email,
        sp1_0.placement_cycle,
        sp1_0.preferred_contact_method,
        sp1_0.premium_end_date,
        sp1_0.premium_start_date,
        sp1_0.religion,
        sp1_0.roll_number,
        sp1_0.updated_at,
        u1_0.id,
        u1_0.aadhaar_number,
        u1_0.address_json,
        u1_0.alternative_email,
        u1_0.alternative_phone,
        u1_0.avatar_url,
        u1_0.bio,
        u1_0.college_id,
        u1_0.created_at,
        u1_0.department,
        u1_0.education,
        u1_0.email,
        u1_0.experience,
        u1_0.full_name,
        u1_0.is_college_head,
        u1_0.is_restricted,
        u1_0.last_device_info,
        u1_0.parent_user_id,
        u1_0.password_hash,
        u1_0.phone,
        u1_0.reset_token,
        u1_0.role,
        u1_0.token_expiry,
        u1_0.updated_at,
        u1_0.username,
        sp1_0.whatsapp_number 
    from
        student_profiles sp1_0 
    join
        users u1_0 
            on u1_0.id=sp1_0.user_id 
    where
        sp1_0.user_id=?
2026-01-08 19:22:11 TRACE org.hibernate.orm.jdbc.bind - binding parameter (1:VARCHAR) <- [SADMIN_01]
2026-01-08 19:22:12 DEBUG org.hibernate.SQL - 
    select
        u1_0.id,
        u1_0.aadhaar_number,
        u1_0.address_json,
        u1_0.alternative_email,
        u1_0.alternative_phone,
        u1_0.avatar_url,
        u1_0.bio,
        u1_0.college_id,
        u1_0.created_at,
        u1_0.department,
        u1_0.education,
        u1_0.email,
        u1_0.experience,
        u1_0.full_name,
        u1_0.is_college_head,
        u1_0.is_restricted,
        u1_0.last_device_info,
        u1_0.parent_user_id,
        u1_0.password_hash,
        u1_0.phone,
        u1_0.reset_token,
        u1_0.role,
        u1_0.token_expiry,
        u1_0.updated_at,
        u1_0.username 
    from
        users u1_0 
    where
        u1_0.username=?
2026-01-08 19:22:12 TRACE org.hibernate.orm.jdbc.bind - binding parameter (1:VARCHAR) <- [srots_admin]
2026-01-08 19:22:24 DEBUG org.hibernate.SQL - 
    select
        u1_0.id,
        u1_0.aadhaar_number,
        u1_0.address_json,
        u1_0.alternative_email,
        u1_0.alternative_phone,
        u1_0.avatar_url,
        u1_0.bio,
        u1_0.college_id,
        u1_0.created_at,
        u1_0.department,
        u1_0.education,
        u1_0.email,
        u1_0.experience,
        u1_0.full_name,
        u1_0.is_college_head,
        u1_0.is_restricted,
        u1_0.last_device_info,
        u1_0.parent_user_id,
        u1_0.password_hash,
        u1_0.phone,
        u1_0.reset_token,
        u1_0.role,
        u1_0.token_expiry,
        u1_0.updated_at,
        u1_0.username 
    from
        users u1_0 
    where
        u1_0.username=?
2026-01-08 19:22:24 TRACE org.hibernate.orm.jdbc.bind - binding parameter (1:VARCHAR) <- [srots_admin]
2026-01-08 19:22:24 DEBUG org.hibernate.SQL - 
    select
        sp1_0.user_id,
        sp1_0.aadhaar_number,
        sp1_0.advisor,
        sp1_0.batch,
        sp1_0.branch,
        sp1_0.career_path,
        sp1_0.coordinator,
        sp1_0.course,
        sp1_0.current_address,
        sp1_0.day_scholar,
        sp1_0.dob,
        sp1_0.driving_license,
        sp1_0.father_name,
        sp1_0.father_occupation,
        sp1_0.gap_duration,
        sp1_0.gap_in_studies,
        sp1_0.gap_reason,
        sp1_0.gender,
        sp1_0.institute_email,
        sp1_0.linkedin_profile,
        sp1_0.mentor,
        sp1_0.mother_name,
        sp1_0.mother_occupation,
        sp1_0.nationality,
        sp1_0.parent_email,
        sp1_0.parent_phone,
        sp1_0.passport_expiry_date,
        sp1_0.passport_issue_date,
        sp1_0.passport_number,
        sp1_0.permanent_address,
        sp1_0.personal_email,
        sp1_0.placement_cycle,
        sp1_0.preferred_contact_method,
        sp1_0.premium_end_date,
        sp1_0.premium_start_date,
        sp1_0.religion,
        sp1_0.roll_number,
        sp1_0.updated_at,
        u1_0.id,
        u1_0.aadhaar_number,
        u1_0.address_json,
        u1_0.alternative_email,
        u1_0.alternative_phone,
        u1_0.avatar_url,
        u1_0.bio,
        u1_0.college_id,
        u1_0.created_at,
        u1_0.department,
        u1_0.education,
        u1_0.email,
        u1_0.experience,
        u1_0.full_name,
        u1_0.is_college_head,
        u1_0.is_restricted,
        u1_0.last_device_info,
        u1_0.parent_user_id,
        u1_0.password_hash,
        u1_0.phone,
        u1_0.reset_token,
        u1_0.role,
        u1_0.token_expiry,
        u1_0.updated_at,
        u1_0.username,
        sp1_0.whatsapp_number 
    from
        student_profiles sp1_0 
    join
        users u1_0 
            on u1_0.id=sp1_0.user_id 
    where
        sp1_0.user_id=?
2026-01-08 19:22:24 TRACE org.hibernate.orm.jdbc.bind - binding parameter (1:VARCHAR) <- [SADMIN_01]
2026-01-08 19:22:24 DEBUG org.hibernate.SQL - 
    select
        u1_0.id,
        u1_0.aadhaar_number,
        u1_0.address_json,
        u1_0.alternative_email,
        u1_0.alternative_phone,
        u1_0.avatar_url,
        u1_0.bio,
        u1_0.college_id,
        u1_0.created_at,
        u1_0.department,
        u1_0.education,
        u1_0.email,
        u1_0.experience,
        u1_0.full_name,
        u1_0.is_college_head,
        u1_0.is_restricted,
        u1_0.last_device_info,
        u1_0.parent_user_id,
        u1_0.password_hash,
        u1_0.phone,
        u1_0.reset_token,
        u1_0.role,
        u1_0.token_expiry,
        u1_0.updated_at,
        u1_0.username 
    from
        users u1_0
2026-01-08 19:22:24 DEBUG org.hibernate.SQL - 
    select
        sp1_0.user_id,
        sp1_0.aadhaar_number,
        sp1_0.advisor,
        sp1_0.batch,
        sp1_0.branch,
        sp1_0.career_path,
        sp1_0.coordinator,
        sp1_0.course,
        sp1_0.current_address,
        sp1_0.day_scholar,
        sp1_0.dob,
        sp1_0.driving_license,
        sp1_0.father_name,
        sp1_0.father_occupation,
        sp1_0.gap_duration,
        sp1_0.gap_in_studies,
        sp1_0.gap_reason,
        sp1_0.gender,
        sp1_0.institute_email,
        sp1_0.linkedin_profile,
        sp1_0.mentor,
        sp1_0.mother_name,
        sp1_0.mother_occupation,
        sp1_0.nationality,
        sp1_0.parent_email,
        sp1_0.parent_phone,
        sp1_0.passport_expiry_date,
        sp1_0.passport_issue_date,
        sp1_0.passport_number,
        sp1_0.permanent_address,
        sp1_0.personal_email,
        sp1_0.placement_cycle,
        sp1_0.preferred_contact_method,
        sp1_0.premium_end_date,
        sp1_0.premium_start_date,
        sp1_0.religion,
        sp1_0.roll_number,
        sp1_0.updated_at,
        u1_0.id,
        u1_0.aadhaar_number,
        u1_0.address_json,
        u1_0.alternative_email,
        u1_0.alternative_phone,
        u1_0.avatar_url,
        u1_0.bio,
        u1_0.college_id,
        u1_0.created_at,
        u1_0.department,
        u1_0.education,
        u1_0.email,
        u1_0.experience,
        u1_0.full_name,
        u1_0.is_college_head,
        u1_0.is_restricted,
        u1_0.last_device_info,
        u1_0.parent_user_id,
        u1_0.password_hash,
        u1_0.phone,
        u1_0.reset_token,
        u1_0.role,
        u1_0.token_expiry,
        u1_0.updated_at,
        u1_0.username,
        sp1_0.whatsapp_number 
    from
        student_profiles sp1_0 
    join
        users u1_0 
            on u1_0.id=sp1_0.user_id 
    where
        sp1_0.user_id=?
2026-01-08 19:22:24 TRACE org.hibernate.orm.jdbc.bind - binding parameter (1:VARCHAR) <- [209fa463-d85f-4030-b842-816279639873]
2026-01-08 19:22:24 DEBUG org.hibernate.SQL - 
    select
        sp1_0.user_id,
        sp1_0.aadhaar_number,
        sp1_0.advisor,
        sp1_0.batch,
        sp1_0.branch,
        sp1_0.career_path,
        sp1_0.coordinator,
        sp1_0.course,
        sp1_0.current_address,
        sp1_0.day_scholar,
        sp1_0.dob,
        sp1_0.driving_license,
        sp1_0.father_name,
        sp1_0.father_occupation,
        sp1_0.gap_duration,
        sp1_0.gap_in_studies,
        sp1_0.gap_reason,
        sp1_0.gender,
        sp1_0.institute_email,
        sp1_0.linkedin_profile,
        sp1_0.mentor,
        sp1_0.mother_name,
        sp1_0.mother_occupation,
        sp1_0.nationality,
        sp1_0.parent_email,
        sp1_0.parent_phone,
        sp1_0.passport_expiry_date,
        sp1_0.passport_issue_date,
        sp1_0.passport_number,
        sp1_0.permanent_address,
        sp1_0.personal_email,
        sp1_0.placement_cycle,
        sp1_0.preferred_contact_method,
        sp1_0.premium_end_date,
        sp1_0.premium_start_date,
        sp1_0.religion,
        sp1_0.roll_number,
        sp1_0.updated_at,
        u1_0.id,
        u1_0.aadhaar_number,
        u1_0.address_json,
        u1_0.alternative_email,
        u1_0.alternative_phone,
        u1_0.avatar_url,
        u1_0.bio,
        u1_0.college_id,
        u1_0.created_at,
        u1_0.department,
        u1_0.education,
        u1_0.email,
        u1_0.experience,
        u1_0.full_name,
        u1_0.is_college_head,
        u1_0.is_restricted,
        u1_0.last_device_info,
        u1_0.parent_user_id,
        u1_0.password_hash,
        u1_0.phone,
        u1_0.reset_token,
        u1_0.role,
        u1_0.token_expiry,
        u1_0.updated_at,
        u1_0.username,
        sp1_0.whatsapp_number 
    from
        student_profiles sp1_0 
    join
        users u1_0 
            on u1_0.id=sp1_0.user_id 
    where
        sp1_0.user_id=?
2026-01-08 19:22:24 TRACE org.hibernate.orm.jdbc.bind - binding parameter (1:VARCHAR) <- [5db477b1-1aa5-4fbb-b13f-19c3d17669f8]
2026-01-08 19:22:24 DEBUG org.hibernate.SQL - 
    select
        sp1_0.user_id,
        sp1_0.aadhaar_number,
        sp1_0.advisor,
        sp1_0.batch,
        sp1_0.branch,
        sp1_0.career_path,
        sp1_0.coordinator,
        sp1_0.course,
        sp1_0.current_address,
        sp1_0.day_scholar,
        sp1_0.dob,
        sp1_0.driving_license,
        sp1_0.father_name,
        sp1_0.father_occupation,
        sp1_0.gap_duration,
        sp1_0.gap_in_studies,
        sp1_0.gap_reason,
        sp1_0.gender,
        sp1_0.institute_email,
        sp1_0.linkedin_profile,
        sp1_0.mentor,
        sp1_0.mother_name,
        sp1_0.mother_occupation,
        sp1_0.nationality,
        sp1_0.parent_email,
        sp1_0.parent_phone,
        sp1_0.passport_expiry_date,
        sp1_0.passport_issue_date,
        sp1_0.passport_number,
        sp1_0.permanent_address,
        sp1_0.personal_email,
        sp1_0.placement_cycle,
        sp1_0.preferred_contact_method,
        sp1_0.premium_end_date,
        sp1_0.premium_start_date,
        sp1_0.religion,
        sp1_0.roll_number,
        sp1_0.updated_at,
        u1_0.id,
        u1_0.aadhaar_number,
        u1_0.address_json,
        u1_0.alternative_email,
        u1_0.alternative_phone,
        u1_0.avatar_url,
        u1_0.bio,
        u1_0.college_id,
        u1_0.created_at,
        u1_0.department,
        u1_0.education,
        u1_0.email,
        u1_0.experience,
        u1_0.full_name,
        u1_0.is_college_head,
        u1_0.is_restricted,
        u1_0.last_device_info,
        u1_0.parent_user_id,
        u1_0.password_hash,
        u1_0.phone,
        u1_0.reset_token,
        u1_0.role,
        u1_0.token_expiry,
        u1_0.updated_at,
        u1_0.username,
        sp1_0.whatsapp_number 
    from
        student_profiles sp1_0 
    join
        users u1_0 
            on u1_0.id=sp1_0.user_id 
    where
        sp1_0.user_id=?
2026-01-08 19:22:24 TRACE org.hibernate.orm.jdbc.bind - binding parameter (1:VARCHAR) <- [84e29ba9-70ca-4453-bbd2-1d6652e59f81]
2026-01-08 19:22:24 DEBUG org.hibernate.SQL - 
    select
        sp1_0.user_id,
        sp1_0.aadhaar_number,
        sp1_0.advisor,
        sp1_0.batch,
        sp1_0.branch,
        sp1_0.career_path,
        sp1_0.coordinator,
        sp1_0.course,
        sp1_0.current_address,
        sp1_0.day_scholar,
        sp1_0.dob,
        sp1_0.driving_license,
        sp1_0.father_name,
        sp1_0.father_occupation,
        sp1_0.gap_duration,
        sp1_0.gap_in_studies,
        sp1_0.gap_reason,
        sp1_0.gender,
        sp1_0.institute_email,
        sp1_0.linkedin_profile,
        sp1_0.mentor,
        sp1_0.mother_name,
        sp1_0.mother_occupation,
        sp1_0.nationality,
        sp1_0.parent_email,
        sp1_0.parent_phone,
        sp1_0.passport_expiry_date,
        sp1_0.passport_issue_date,
        sp1_0.passport_number,
        sp1_0.permanent_address,
        sp1_0.personal_email,
        sp1_0.placement_cycle,
        sp1_0.preferred_contact_method,
        sp1_0.premium_end_date,
        sp1_0.premium_start_date,
        sp1_0.religion,
        sp1_0.roll_number,
        sp1_0.updated_at,
        u1_0.id,
        u1_0.aadhaar_number,
        u1_0.address_json,
        u1_0.alternative_email,
        u1_0.alternative_phone,
        u1_0.avatar_url,
        u1_0.bio,
        u1_0.college_id,
        u1_0.created_at,
        u1_0.department,
        u1_0.education,
        u1_0.email,
        u1_0.experience,
        u1_0.full_name,
        u1_0.is_college_head,
        u1_0.is_restricted,
        u1_0.last_device_info,
        u1_0.parent_user_id,
        u1_0.password_hash,
        u1_0.phone,
        u1_0.reset_token,
        u1_0.role,
        u1_0.token_expiry,
        u1_0.updated_at,
        u1_0.username,
        sp1_0.whatsapp_number 
    from
        student_profiles sp1_0 
    join
        users u1_0 
            on u1_0.id=sp1_0.user_id 
    where
        sp1_0.user_id=?
2026-01-08 19:22:24 TRACE org.hibernate.orm.jdbc.bind - binding parameter (1:VARCHAR) <- [AITS_H1]
2026-01-08 19:22:24 DEBUG org.hibernate.SQL - 
    select
        sp1_0.user_id,
        sp1_0.aadhaar_number,
        sp1_0.advisor,
        sp1_0.batch,
        sp1_0.branch,
        sp1_0.career_path,
        sp1_0.coordinator,
        sp1_0.course,
        sp1_0.current_address,
        sp1_0.day_scholar,
        sp1_0.dob,
        sp1_0.driving_license,
        sp1_0.father_name,
        sp1_0.father_occupation,
        sp1_0.gap_duration,
        sp1_0.gap_in_studies,
        sp1_0.gap_reason,
        sp1_0.gender,
        sp1_0.institute_email,
        sp1_0.linkedin_profile,
        sp1_0.mentor,
        sp1_0.mother_name,
        sp1_0.mother_occupation,
        sp1_0.nationality,
        sp1_0.parent_email,
        sp1_0.parent_phone,
        sp1_0.passport_expiry_date,
        sp1_0.passport_issue_date,
        sp1_0.passport_number,
        sp1_0.permanent_address,
        sp1_0.personal_email,
        sp1_0.placement_cycle,
        sp1_0.preferred_contact_method,
        sp1_0.premium_end_date,
        sp1_0.premium_start_date,
        sp1_0.religion,
        sp1_0.roll_number,
        sp1_0.updated_at,
        u1_0.id,
        u1_0.aadhaar_number,
        u1_0.address_json,
        u1_0.alternative_email,
        u1_0.alternative_phone,
        u1_0.avatar_url,
        u1_0.bio,
        u1_0.college_id,
        u1_0.created_at,
        u1_0.department,
        u1_0.education,
        u1_0.email,
        u1_0.experience,
        u1_0.full_name,
        u1_0.is_college_head,
        u1_0.is_restricted,
        u1_0.last_device_info,
        u1_0.parent_user_id,
        u1_0.password_hash,
        u1_0.phone,
        u1_0.reset_token,
        u1_0.role,
        u1_0.token_expiry,
        u1_0.updated_at,
        u1_0.username,
        sp1_0.whatsapp_number 
    from
        student_profiles sp1_0 
    join
        users u1_0 
            on u1_0.id=sp1_0.user_id 
    where
        sp1_0.user_id=?
2026-01-08 19:22:24 TRACE org.hibernate.orm.jdbc.bind - binding parameter (1:VARCHAR) <- [AITS_S1]
2026-01-08 19:22:24 DEBUG org.hibernate.SQL - 
    select
        sp1_0.user_id,
        sp1_0.aadhaar_number,
        sp1_0.advisor,
        sp1_0.batch,
        sp1_0.branch,
        sp1_0.career_path,
        sp1_0.coordinator,
        sp1_0.course,
        sp1_0.current_address,
        sp1_0.day_scholar,
        sp1_0.dob,
        sp1_0.driving_license,
        sp1_0.father_name,
        sp1_0.father_occupation,
        sp1_0.gap_duration,
        sp1_0.gap_in_studies,
        sp1_0.gap_reason,
        sp1_0.gender,
        sp1_0.institute_email,
        sp1_0.linkedin_profile,
        sp1_0.mentor,
        sp1_0.mother_name,
        sp1_0.mother_occupation,
        sp1_0.nationality,
        sp1_0.parent_email,
        sp1_0.parent_phone,
        sp1_0.passport_expiry_date,
        sp1_0.passport_issue_date,
        sp1_0.passport_number,
        sp1_0.permanent_address,
        sp1_0.personal_email,
        sp1_0.placement_cycle,
        sp1_0.preferred_contact_method,
        sp1_0.premium_end_date,
        sp1_0.premium_start_date,
        sp1_0.religion,
        sp1_0.roll_number,
        sp1_0.updated_at,
        u1_0.id,
        u1_0.aadhaar_number,
        u1_0.address_json,
        u1_0.alternative_email,
        u1_0.alternative_phone,
        u1_0.avatar_url,
        u1_0.bio,
        u1_0.college_id,
        u1_0.created_at,
        u1_0.department,
        u1_0.education,
        u1_0.email,
        u1_0.experience,
        u1_0.full_name,
        u1_0.is_college_head,
        u1_0.is_restricted,
        u1_0.last_device_info,
        u1_0.parent_user_id,
        u1_0.password_hash,
        u1_0.phone,
        u1_0.reset_token,
        u1_0.role,
        u1_0.token_expiry,
        u1_0.updated_at,
        u1_0.username,
        sp1_0.whatsapp_number 
    from
        student_profiles sp1_0 
    join
        users u1_0 
            on u1_0.id=sp1_0.user_id 
    where
        sp1_0.user_id=?
2026-01-08 19:22:24 TRACE org.hibernate.orm.jdbc.bind - binding parameter (1:VARCHAR) <- [fcbe2edb-7494-4e76-b28e-d32d97c113fb]
2026-01-08 19:22:24 DEBUG org.hibernate.SQL - 
    select
        sp1_0.user_id,
        sp1_0.aadhaar_number,
        sp1_0.advisor,
        sp1_0.batch,
        sp1_0.branch,
        sp1_0.career_path,
        sp1_0.coordinator,
        sp1_0.course,
        sp1_0.current_address,
        sp1_0.day_scholar,
        sp1_0.dob,
        sp1_0.driving_license,
        sp1_0.father_name,
        sp1_0.father_occupation,
        sp1_0.gap_duration,
        sp1_0.gap_in_studies,
        sp1_0.gap_reason,
        sp1_0.gender,
        sp1_0.institute_email,
        sp1_0.linkedin_profile,
        sp1_0.mentor,
        sp1_0.mother_name,
        sp1_0.mother_occupation,
        sp1_0.nationality,
        sp1_0.parent_email,
        sp1_0.parent_phone,
        sp1_0.passport_expiry_date,
        sp1_0.passport_issue_date,
        sp1_0.passport_number,
        sp1_0.permanent_address,
        sp1_0.personal_email,
        sp1_0.placement_cycle,
        sp1_0.preferred_contact_method,
        sp1_0.premium_end_date,
        sp1_0.premium_start_date,
        sp1_0.religion,
        sp1_0.roll_number,
        sp1_0.updated_at,
        u1_0.id,
        u1_0.aadhaar_number,
        u1_0.address_json,
        u1_0.alternative_email,
        u1_0.alternative_phone,
        u1_0.avatar_url,
        u1_0.bio,
        u1_0.college_id,
        u1_0.created_at,
        u1_0.department,
        u1_0.education,
        u1_0.email,
        u1_0.experience,
        u1_0.full_name,
        u1_0.is_college_head,
        u1_0.is_restricted,
        u1_0.last_device_info,
        u1_0.parent_user_id,
        u1_0.password_hash,
        u1_0.phone,
        u1_0.reset_token,
        u1_0.role,
        u1_0.token_expiry,
        u1_0.updated_at,
        u1_0.username,
        sp1_0.whatsapp_number 
    from
        student_profiles sp1_0 
    join
        users u1_0 
            on u1_0.id=sp1_0.user_id 
    where
        sp1_0.user_id=?
2026-01-08 19:22:24 TRACE org.hibernate.orm.jdbc.bind - binding parameter (1:VARCHAR) <- [SADMIN_01]
2026-01-08 19:22:24 DEBUG org.hibernate.SQL - 
    select
        sp1_0.user_id,
        sp1_0.aadhaar_number,
        sp1_0.advisor,
        sp1_0.batch,
        sp1_0.branch,
        sp1_0.career_path,
        sp1_0.coordinator,
        sp1_0.course,
        sp1_0.current_address,
        sp1_0.day_scholar,
        sp1_0.dob,
        sp1_0.driving_license,
        sp1_0.father_name,
        sp1_0.father_occupation,
        sp1_0.gap_duration,
        sp1_0.gap_in_studies,
        sp1_0.gap_reason,
        sp1_0.gender,
        sp1_0.institute_email,
        sp1_0.linkedin_profile,
        sp1_0.mentor,
        sp1_0.mother_name,
        sp1_0.mother_occupation,
        sp1_0.nationality,
        sp1_0.parent_email,
        sp1_0.parent_phone,
        sp1_0.passport_expiry_date,
        sp1_0.passport_issue_date,
        sp1_0.passport_number,
        sp1_0.permanent_address,
        sp1_0.personal_email,
        sp1_0.placement_cycle,
        sp1_0.preferred_contact_method,
        sp1_0.premium_end_date,
        sp1_0.premium_start_date,
        sp1_0.religion,
        sp1_0.roll_number,
        sp1_0.updated_at,
        u1_0.id,
        u1_0.aadhaar_number,
        u1_0.address_json,
        u1_0.alternative_email,
        u1_0.alternative_phone,
        u1_0.avatar_url,
        u1_0.bio,
        u1_0.college_id,
        u1_0.created_at,
        u1_0.department,
        u1_0.education,
        u1_0.email,
        u1_0.experience,
        u1_0.full_name,
        u1_0.is_college_head,
        u1_0.is_restricted,
        u1_0.last_device_info,
        u1_0.parent_user_id,
        u1_0.password_hash,
        u1_0.phone,
        u1_0.reset_token,
        u1_0.role,
        u1_0.token_expiry,
        u1_0.updated_at,
        u1_0.username,
        sp1_0.whatsapp_number 
    from
        student_profiles sp1_0 
    join
        users u1_0 
            on u1_0.id=sp1_0.user_id 
    where
        sp1_0.user_id=?
2026-01-08 19:22:24 TRACE org.hibernate.orm.jdbc.bind - binding parameter (1:VARCHAR) <- [SDEV_01]
2026-01-08 19:22:24 DEBUG org.hibernate.SQL - 
    select
        sp1_0.user_id,
        sp1_0.aadhaar_number,
        sp1_0.advisor,
        sp1_0.batch,
        sp1_0.branch,
        sp1_0.career_path,
        sp1_0.coordinator,
        sp1_0.course,
        sp1_0.current_address,
        sp1_0.day_scholar,
        sp1_0.dob,
        sp1_0.driving_license,
        sp1_0.father_name,
        sp1_0.father_occupation,
        sp1_0.gap_duration,
        sp1_0.gap_in_studies,
        sp1_0.gap_reason,
        sp1_0.gender,
        sp1_0.institute_email,
        sp1_0.linkedin_profile,
        sp1_0.mentor,
        sp1_0.mother_name,
        sp1_0.mother_occupation,
        sp1_0.nationality,
        sp1_0.parent_email,
        sp1_0.parent_phone,
        sp1_0.passport_expiry_date,
        sp1_0.passport_issue_date,
        sp1_0.passport_number,
        sp1_0.permanent_address,
        sp1_0.personal_email,
        sp1_0.placement_cycle,
        sp1_0.preferred_contact_method,
        sp1_0.premium_end_date,
        sp1_0.premium_start_date,
        sp1_0.religion,
        sp1_0.roll_number,
        sp1_0.updated_at,
        u1_0.id,
        u1_0.aadhaar_number,
        u1_0.address_json,
        u1_0.alternative_email,
        u1_0.alternative_phone,
        u1_0.avatar_url,
        u1_0.bio,
        u1_0.college_id,
        u1_0.created_at,
        u1_0.department,
        u1_0.education,
        u1_0.email,
        u1_0.experience,
        u1_0.full_name,
        u1_0.is_college_head,
        u1_0.is_restricted,
        u1_0.last_device_info,
        u1_0.parent_user_id,
        u1_0.password_hash,
        u1_0.phone,
        u1_0.reset_token,
        u1_0.role,
        u1_0.token_expiry,
        u1_0.updated_at,
        u1_0.username,
        sp1_0.whatsapp_number 
    from
        student_profiles sp1_0 
    join
        users u1_0 
            on u1_0.id=sp1_0.user_id 
    where
        sp1_0.user_id=?
2026-01-08 19:22:24 TRACE org.hibernate.orm.jdbc.bind - binding parameter (1:VARCHAR) <- [SRIT_H1]
2026-01-08 19:22:24 DEBUG org.hibernate.SQL - 
    select
        sp1_0.user_id,
        sp1_0.aadhaar_number,
        sp1_0.advisor,
        sp1_0.batch,
        sp1_0.branch,
        sp1_0.career_path,
        sp1_0.coordinator,
        sp1_0.course,
        sp1_0.current_address,
        sp1_0.day_scholar,
        sp1_0.dob,
        sp1_0.driving_license,
        sp1_0.father_name,
        sp1_0.father_occupation,
        sp1_0.gap_duration,
        sp1_0.gap_in_studies,
        sp1_0.gap_reason,
        sp1_0.gender,
        sp1_0.institute_email,
        sp1_0.linkedin_profile,
        sp1_0.mentor,
        sp1_0.mother_name,
        sp1_0.mother_occupation,
        sp1_0.nationality,
        sp1_0.parent_email,
        sp1_0.parent_phone,
        sp1_0.passport_expiry_date,
        sp1_0.passport_issue_date,
        sp1_0.passport_number,
        sp1_0.permanent_address,
        sp1_0.personal_email,
        sp1_0.placement_cycle,
        sp1_0.preferred_contact_method,
        sp1_0.premium_end_date,
        sp1_0.premium_start_date,
        sp1_0.religion,
        sp1_0.roll_number,
        sp1_0.updated_at,
        u1_0.id,
        u1_0.aadhaar_number,
        u1_0.address_json,
        u1_0.alternative_email,
        u1_0.alternative_phone,
        u1_0.avatar_url,
        u1_0.bio,
        u1_0.college_id,
        u1_0.created_at,
        u1_0.department,
        u1_0.education,
        u1_0.email,
        u1_0.experience,
        u1_0.full_name,
        u1_0.is_college_head,
        u1_0.is_restricted,
        u1_0.last_device_info,
        u1_0.parent_user_id,
        u1_0.password_hash,
        u1_0.phone,
        u1_0.reset_token,
        u1_0.role,
        u1_0.token_expiry,
        u1_0.updated_at,
        u1_0.username,
        sp1_0.whatsapp_number 
    from
        student_profiles sp1_0 
    join
        users u1_0 
            on u1_0.id=sp1_0.user_id 
    where
        sp1_0.user_id=?
2026-01-08 19:22:24 TRACE org.hibernate.orm.jdbc.bind - binding parameter (1:VARCHAR) <- [SRM_20701A0536]
2026-01-08 19:22:24 DEBUG org.hibernate.SQL - 
    select
        sp1_0.user_id,
        sp1_0.aadhaar_number,
        sp1_0.advisor,
        sp1_0.batch,
        sp1_0.branch,
        sp1_0.career_path,
        sp1_0.coordinator,
        sp1_0.course,
        sp1_0.current_address,
        sp1_0.day_scholar,
        sp1_0.dob,
        sp1_0.driving_license,
        sp1_0.father_name,
        sp1_0.father_occupation,
        sp1_0.gap_duration,
        sp1_0.gap_in_studies,
        sp1_0.gap_reason,
        sp1_0.gender,
        sp1_0.institute_email,
        sp1_0.linkedin_profile,
        sp1_0.mentor,
        sp1_0.mother_name,
        sp1_0.mother_occupation,
        sp1_0.nationality,
        sp1_0.parent_email,
        sp1_0.parent_phone,
        sp1_0.passport_expiry_date,
        sp1_0.passport_issue_date,
        sp1_0.passport_number,
        sp1_0.permanent_address,
        sp1_0.personal_email,
        sp1_0.placement_cycle,
        sp1_0.preferred_contact_method,
        sp1_0.premium_end_date,
        sp1_0.premium_start_date,
        sp1_0.religion,
        sp1_0.roll_number,
        sp1_0.updated_at,
        u1_0.id,
        u1_0.aadhaar_number,
        u1_0.address_json,
        u1_0.alternative_email,
        u1_0.alternative_phone,
        u1_0.avatar_url,
        u1_0.bio,
        u1_0.college_id,
        u1_0.created_at,
        u1_0.department,
        u1_0.education,
        u1_0.email,
        u1_0.experience,
        u1_0.full_name,
        u1_0.is_college_head,
        u1_0.is_restricted,
        u1_0.last_device_info,
        u1_0.parent_user_id,
        u1_0.password_hash,
        u1_0.phone,
        u1_0.reset_token,
        u1_0.role,
        u1_0.token_expiry,
        u1_0.updated_at,
        u1_0.username,
        sp1_0.whatsapp_number 
    from
        student_profiles sp1_0 
    join
        users u1_0 
            on u1_0.id=sp1_0.user_id 
    where
        sp1_0.user_id=?
2026-01-08 19:22:24 TRACE org.hibernate.orm.jdbc.bind - binding parameter (1:VARCHAR) <- [SRM_21701A0501]
2026-01-08 19:22:24 DEBUG org.hibernate.SQL - 
    select
        sp1_0.user_id,
        sp1_0.aadhaar_number,
        sp1_0.advisor,
        sp1_0.batch,
        sp1_0.branch,
        sp1_0.career_path,
        sp1_0.coordinator,
        sp1_0.course,
        sp1_0.current_address,
        sp1_0.day_scholar,
        sp1_0.dob,
        sp1_0.driving_license,
        sp1_0.father_name,
        sp1_0.father_occupation,
        sp1_0.gap_duration,
        sp1_0.gap_in_studies,
        sp1_0.gap_reason,
        sp1_0.gender,
        sp1_0.institute_email,
        sp1_0.linkedin_profile,
        sp1_0.mentor,
        sp1_0.mother_name,
        sp1_0.mother_occupation,
        sp1_0.nationality,
        sp1_0.parent_email,
        sp1_0.parent_phone,
        sp1_0.passport_expiry_date,
        sp1_0.passport_issue_date,
        sp1_0.passport_number,
        sp1_0.permanent_address,
        sp1_0.personal_email,
        sp1_0.placement_cycle,
        sp1_0.preferred_contact_method,
        sp1_0.premium_end_date,
        sp1_0.premium_start_date,
        sp1_0.religion,
        sp1_0.roll_number,
        sp1_0.updated_at,
        u1_0.id,
        u1_0.aadhaar_number,
        u1_0.address_json,
        u1_0.alternative_email,
        u1_0.alternative_phone,
        u1_0.avatar_url,
        u1_0.bio,
        u1_0.college_id,
        u1_0.created_at,
        u1_0.department,
        u1_0.education,
        u1_0.email,
        u1_0.experience,
        u1_0.full_name,
        u1_0.is_college_head,
        u1_0.is_restricted,
        u1_0.last_device_info,
        u1_0.parent_user_id,
        u1_0.password_hash,
        u1_0.phone,
        u1_0.reset_token,
        u1_0.role,
        u1_0.token_expiry,
        u1_0.updated_at,
        u1_0.username,
        sp1_0.whatsapp_number 
    from
        student_profiles sp1_0 
    join
        users u1_0 
            on u1_0.id=sp1_0.user_id 
    where
        sp1_0.user_id=?
2026-01-08 19:22:24 TRACE org.hibernate.orm.jdbc.bind - binding parameter (1:VARCHAR) <- [SRM_22705A0402]
2026-01-08 19:22:24 DEBUG org.hibernate.SQL - 
    select
        sp1_0.user_id,
        sp1_0.aadhaar_number,
        sp1_0.advisor,
        sp1_0.batch,
        sp1_0.branch,
        sp1_0.career_path,
        sp1_0.coordinator,
        sp1_0.course,
        sp1_0.current_address,
        sp1_0.day_scholar,
        sp1_0.dob,
        sp1_0.driving_license,
        sp1_0.father_name,
        sp1_0.father_occupation,
        sp1_0.gap_duration,
        sp1_0.gap_in_studies,
        sp1_0.gap_reason,
        sp1_0.gender,
        sp1_0.institute_email,
        sp1_0.linkedin_profile,
        sp1_0.mentor,
        sp1_0.mother_name,
        sp1_0.mother_occupation,
        sp1_0.nationality,
        sp1_0.parent_email,
        sp1_0.parent_phone,
        sp1_0.passport_expiry_date,
        sp1_0.passport_issue_date,
        sp1_0.passport_number,
        sp1_0.permanent_address,
        sp1_0.personal_email,
        sp1_0.placement_cycle,
        sp1_0.preferred_contact_method,
        sp1_0.premium_end_date,
        sp1_0.premium_start_date,
        sp1_0.religion,
        sp1_0.roll_number,
        sp1_0.updated_at,
        u1_0.id,
        u1_0.aadhaar_number,
        u1_0.address_json,
        u1_0.alternative_email,
        u1_0.alternative_phone,
        u1_0.avatar_url,
        u1_0.bio,
        u1_0.college_id,
        u1_0.created_at,
        u1_0.department,
        u1_0.education,
        u1_0.email,
        u1_0.experience,
        u1_0.full_name,
        u1_0.is_college_head,
        u1_0.is_restricted,
        u1_0.last_device_info,
        u1_0.parent_user_id,
        u1_0.password_hash,
        u1_0.phone,
        u1_0.reset_token,
        u1_0.role,
        u1_0.token_expiry,
        u1_0.updated_at,
        u1_0.username,
        sp1_0.whatsapp_number 
    from
        student_profiles sp1_0 
    join
        users u1_0 
            on u1_0.id=sp1_0.user_id 
    where
        sp1_0.user_id=?
2026-01-08 19:22:24 TRACE org.hibernate.orm.jdbc.bind - binding parameter (1:VARCHAR) <- [SRM_CS2023001]
2026-01-08 19:22:24 DEBUG org.hibernate.SQL - 
    select
        sp1_0.user_id,
        sp1_0.aadhaar_number,
        sp1_0.advisor,
        sp1_0.batch,
        sp1_0.branch,
        sp1_0.career_path,
        sp1_0.coordinator,
        sp1_0.course,
        sp1_0.current_address,
        sp1_0.day_scholar,
        sp1_0.dob,
        sp1_0.driving_license,
        sp1_0.father_name,
        sp1_0.father_occupation,
        sp1_0.gap_duration,
        sp1_0.gap_in_studies,
        sp1_0.gap_reason,
        sp1_0.gender,
        sp1_0.institute_email,
        sp1_0.linkedin_profile,
        sp1_0.mentor,
        sp1_0.mother_name,
        sp1_0.mother_occupation,
        sp1_0.nationality,
        sp1_0.parent_email,
        sp1_0.parent_phone,
        sp1_0.passport_expiry_date,
        sp1_0.passport_issue_date,
        sp1_0.passport_number,
        sp1_0.permanent_address,
        sp1_0.personal_email,
        sp1_0.placement_cycle,
        sp1_0.preferred_contact_method,
        sp1_0.premium_end_date,
        sp1_0.premium_start_date,
        sp1_0.religion,
        sp1_0.roll_number,
        sp1_0.updated_at,
        u1_0.id,
        u1_0.aadhaar_number,
        u1_0.address_json,
        u1_0.alternative_email,
        u1_0.alternative_phone,
        u1_0.avatar_url,
        u1_0.bio,
        u1_0.college_id,
        u1_0.created_at,
        u1_0.department,
        u1_0.education,
        u1_0.email,
        u1_0.experience,
        u1_0.full_name,
        u1_0.is_college_head,
        u1_0.is_restricted,
        u1_0.last_device_info,
        u1_0.parent_user_id,
        u1_0.password_hash,
        u1_0.phone,
        u1_0.reset_token,
        u1_0.role,
        u1_0.token_expiry,
        u1_0.updated_at,
        u1_0.username,
        sp1_0.whatsapp_number 
    from
        student_profiles sp1_0 
    join
        users u1_0 
            on u1_0.id=sp1_0.user_id 
    where
        sp1_0.user_id=?
2026-01-08 19:22:24 TRACE org.hibernate.orm.jdbc.bind - binding parameter (1:VARCHAR) <- [SRM_SRM22CS_LAT01]
2026-01-08 19:22:24 DEBUG org.hibernate.SQL - 
    select
        sp1_0.user_id,
        sp1_0.aadhaar_number,
        sp1_0.advisor,
        sp1_0.batch,
        sp1_0.branch,
        sp1_0.career_path,
        sp1_0.coordinator,
        sp1_0.course,
        sp1_0.current_address,
        sp1_0.day_scholar,
        sp1_0.dob,
        sp1_0.driving_license,
        sp1_0.father_name,
        sp1_0.father_occupation,
        sp1_0.gap_duration,
        sp1_0.gap_in_studies,
        sp1_0.gap_reason,
        sp1_0.gender,
        sp1_0.institute_email,
        sp1_0.linkedin_profile,
        sp1_0.mentor,
        sp1_0.mother_name,
        sp1_0.mother_occupation,
        sp1_0.nationality,
        sp1_0.parent_email,
        sp1_0.parent_phone,
        sp1_0.passport_expiry_date,
        sp1_0.passport_issue_date,
        sp1_0.passport_number,
        sp1_0.permanent_address,
        sp1_0.personal_email,
        sp1_0.placement_cycle,
        sp1_0.preferred_contact_method,
        sp1_0.premium_end_date,
        sp1_0.premium_start_date,
        sp1_0.religion,
        sp1_0.roll_number,
        sp1_0.updated_at,
        u1_0.id,
        u1_0.aadhaar_number,
        u1_0.address_json,
        u1_0.alternative_email,
        u1_0.alternative_phone,
        u1_0.avatar_url,
        u1_0.bio,
        u1_0.college_id,
        u1_0.created_at,
        u1_0.department,
        u1_0.education,
        u1_0.email,
        u1_0.experience,
        u1_0.full_name,
        u1_0.is_college_head,
        u1_0.is_restricted,
        u1_0.last_device_info,
        u1_0.parent_user_id,
        u1_0.password_hash,
        u1_0.phone,
        u1_0.reset_token,
        u1_0.role,
        u1_0.token_expiry,
        u1_0.updated_at,
        u1_0.username,
        sp1_0.whatsapp_number 
    from
        student_profiles sp1_0 
    join
        users u1_0 
            on u1_0.id=sp1_0.user_id 
    where
        sp1_0.user_id=?
2026-01-08 19:22:24 TRACE org.hibernate.orm.jdbc.bind - binding parameter (1:VARCHAR) <- [STU_AITS_01]
2026-01-08 19:22:24 DEBUG org.hibernate.SQL - 
    select
        sp1_0.user_id,
        sp1_0.aadhaar_number,
        sp1_0.advisor,
        sp1_0.batch,
        sp1_0.branch,
        sp1_0.career_path,
        sp1_0.coordinator,
        sp1_0.course,
        sp1_0.current_address,
        sp1_0.day_scholar,
        sp1_0.dob,
        sp1_0.driving_license,
        sp1_0.father_name,
        sp1_0.father_occupation,
        sp1_0.gap_duration,
        sp1_0.gap_in_studies,
        sp1_0.gap_reason,
        sp1_0.gender,
        sp1_0.institute_email,
        sp1_0.linkedin_profile,
        sp1_0.mentor,
        sp1_0.mother_name,
        sp1_0.mother_occupation,
        sp1_0.nationality,
        sp1_0.parent_email,
        sp1_0.parent_phone,
        sp1_0.passport_expiry_date,
        sp1_0.passport_issue_date,
        sp1_0.passport_number,
        sp1_0.permanent_address,
        sp1_0.personal_email,
        sp1_0.placement_cycle,
        sp1_0.preferred_contact_method,
        sp1_0.premium_end_date,
        sp1_0.premium_start_date,
        sp1_0.religion,
        sp1_0.roll_number,
        sp1_0.updated_at,
        u1_0.id,
        u1_0.aadhaar_number,
        u1_0.address_json,
        u1_0.alternative_email,
        u1_0.alternative_phone,
        u1_0.avatar_url,
        u1_0.bio,
        u1_0.college_id,
        u1_0.created_at,
        u1_0.department,
        u1_0.education,
        u1_0.email,
        u1_0.experience,
        u1_0.full_name,
        u1_0.is_college_head,
        u1_0.is_restricted,
        u1_0.last_device_info,
        u1_0.parent_user_id,
        u1_0.password_hash,
        u1_0.phone,
        u1_0.reset_token,
        u1_0.role,
        u1_0.token_expiry,
        u1_0.updated_at,
        u1_0.username,
        sp1_0.whatsapp_number 
    from
        student_profiles sp1_0 
    join
        users u1_0 
            on u1_0.id=sp1_0.user_id 
    where
        sp1_0.user_id=?
2026-01-08 19:22:24 TRACE org.hibernate.orm.jdbc.bind - binding parameter (1:VARCHAR) <- [STU_SRIT_01]
2026-01-08 19:22:50 INFO  o.s.b.a.SpringApplicationAdminMXBeanRegistrar$SpringApplicationAdmin - Application shutdown requested.
2026-01-08 19:22:51 INFO  o.a.coyote.http11.Http11NioProtocol - Stopping ProtocolHandler ["http-nio-8081"]
2026-01-08 19:22:51 INFO  o.s.o.j.LocalContainerEntityManagerFactoryBean - Closing JPA EntityManagerFactory for persistence unit 'default'
2026-01-08 19:22:51 INFO  com.zaxxer.hikari.HikariDataSource - HikariPool-1 - Shutdown initiated...
2026-01-08 19:22:51 INFO  com.zaxxer.hikari.HikariDataSource - HikariPool-1 - Shutdown completed.
